[New LWP 21299]
Core was generated by `'.
Program terminated with signal SIGXCPU, CPU time limit exceeded.
#0  0x0000000000401c10 in BinStabloMapa<int, int>::Trazi (this=0xfff0008e0, kljuc=@0xfff000940: -993808, cvor=@0x5a4f9b8: 0x5a4fa00) at /rhome/a/aburic1/workspace/ASP/PZ8/Z1/main.cpp:58
58	    if(cvor == nullptr || cvor->kljuc == kljuc)
#0  0x0000000000401c10 in BinStabloMapa<int, int>::Trazi (this=0xfff0008e0, kljuc=@0xfff000940: -993808, cvor=@0x5a4f9b8: 0x5a4fa00) at /rhome/a/aburic1/workspace/ASP/PZ8/Z1/main.cpp:58
#1  0x0000000000401c5d in BinStabloMapa<int, int>::Trazi (this=0xfff0008e0, kljuc=@0xfff000940: -993808, cvor=@0x5a4f958: 0x5a4f9a0) at /rhome/a/aburic1/workspace/ASP/PZ8/Z1/main.cpp:61
#2  0x0000000000401c5d in BinStabloMapa<int, int>::Trazi (this=0xfff0008e0, kljuc=@0xfff000940: -993808, cvor=@0x5a4f8f8: 0x5a4f940) at /rhome/a/aburic1/workspace/ASP/PZ8/Z1/main.cpp:61
#3  0x0000000000401c5d in BinStabloMapa<int, int>::Trazi (this=0xfff0008e0, kljuc=@0xfff000940: -993808, cvor=@0x5a4f898: 0x5a4f8e0) at /rhome/a/aburic1/workspace/ASP/PZ8/Z1/main.cpp:61
#4  0x0000000000401c5d in BinStabloMapa<int, int>::Trazi (this=0xfff0008e0, kljuc=@0xfff000940: -993808, cvor=@0x5a4f838: 0x5a4f880) at /rhome/a/aburic1/workspace/ASP/PZ8/Z1/main.cpp:61
#5  0x0000000000401c5d in BinStabloMapa<int, int>::Trazi (this=0xfff0008e0, kljuc=@0xfff000940: -993808, cvor=@0x5a4f7d8: 0x5a4f820) at /rhome/a/aburic1/workspace/ASP/PZ8/Z1/main.cpp:61
#6  0x0000000000401c5d in BinStabloMapa<int, int>::Trazi (this=0xfff0008e0, kljuc=@0xfff000940: -993808, cvor=@0x5a4f778: 0x5a4f7c0) at /rhome/a/aburic1/workspace/ASP/PZ8/Z1/main.cpp:61
#7  0x0000000000401c5d in BinStabloMapa<int, int>::Trazi (this=0xfff0008e0, kljuc=@0xfff000940: -993808, cvor=@0x5a4f718: 0x5a4f760) at /rhome/a/aburic1/workspace/ASP/PZ8/Z1/main.cpp:61
#8  0x0000000000401c5d in BinStabloMapa<int, int>::Trazi (this=0xfff0008e0, kljuc=@0xfff000940: -993808, cvor=@0x5a4f6b8: 0x5a4f700) at /rhome/a/aburic1/workspace/ASP/PZ8/Z1/main.cpp:61
#9  0x0000000000401c5d in BinStabloMapa<int, int>::Trazi (this=0xfff0008e0, kljuc=@0xfff000940: -993808, cvor=@0x5a4f658: 0x5a4f6a0) at /rhome/a/aburic1/workspace/ASP/PZ8/Z1/main.cpp:61
#10 0x0000000000401c5d in BinStabloMapa<int, int>::Trazi (this=0xfff0008e0, kljuc=@0xfff000940: -993808, cvor=@0x5a4f5f8: 0x5a4f640) at /rhome/a/aburic1/workspace/ASP/PZ8/Z1/main.cpp:61
#11 0x0000000000401c5d in BinStabloMapa<int, int>::Trazi (this=0xfff0008e0, kljuc=@0xfff000940: -993808, cvor=@0x5a4f598: 0x5a4f5e0) at /rhome/a/aburic1/workspace/ASP/PZ8/Z1/main.cpp:61
#12 0x0000000000401c5d in BinStabloMapa<int, int>::Trazi (this=0xfff0008e0, kljuc=@0xfff000940: -993808, cvor=@0x5a4f538: 0x5a4f580) at /rhome/a/aburic1/workspace/ASP/PZ8/Z1/main.cpp:61
#13 0x0000000000401c5d in BinStabloMapa<int, int>::Trazi (this=0xfff0008e0, kljuc=@0xfff000940: -993808, cvor=@0x5a4f4d8: 0x5a4f520) at /rhome/a/aburic1/workspace/ASP/PZ8/Z1/main.cpp:61
#14 0x0000000000401c5d in BinStabloMapa<int, int>::Trazi (this=0xfff0008e0, kljuc=@0xfff000940: -993808, cvor=@0x5a4f478: 0x5a4f4c0) at /rhome/a/aburic1/workspace/ASP/PZ8/Z1/main.cpp:61
#15 0x0000000000401c5d in BinStabloMapa<int, int>::Trazi (this=0xfff0008e0, kljuc=@0xfff000940: -993808, cvor=@0x5a4f418: 0x5a4f460) at /rhome/a/aburic1/workspace/ASP/PZ8/Z1/main.cpp:61
#16 0x0000000000401c5d in BinStabloMapa<int, int>::Trazi (this=0xfff0008e0, kljuc=@0xfff000940: -993808, cvor=@0x5a4f3b8: 0x5a4f400) at /rhome/a/aburic1/workspace/ASP/PZ8/Z1/main.cpp:61
#17 0x0000000000401c5d in BinStabloMapa<int, int>::Trazi (this=0xfff0008e0, kljuc=@0xfff000940: -993808, cvor=@0x5a4f358: 0x5a4f3a0) at /rhome/a/aburic1/workspace/ASP/PZ8/Z1/main.cpp:61
#18 0x0000000000401c5d in BinStabloMapa<int, int>::Trazi (this=0xfff0008e0, kljuc=@0xfff000940: -993808, cvor=@0x5a4f2f8: 0x5a4f340) at /rhome/a/aburic1/workspace/ASP/PZ8/Z1/main.cpp:61
#19 0x0000000000401c5d in BinStabloMapa<int, int>::Trazi (this=0xfff0008e0, kljuc=@0xfff000940: -993808, cvor=@0x5a4f298: 0x5a4f2e0) at /rhome/a/aburic1/workspace/ASP/PZ8/Z1/main.cpp:61
#20 0x0000000000401c5d in BinStabloMapa<int, int>::Trazi (this=0xfff0008e0, kljuc=@0xfff000940: -993808, cvor=@0x5a4f238: 0x5a4f280) at /rhome/a/aburic1/workspace/ASP/PZ8/Z1/main.cpp:61
#21 0x0000000000401c5d in BinStabloMapa<int, int>::Trazi (this=0xfff0008e0, kljuc=@0xfff000940: -993808, cvor=@0x5a4f1d8: 0x5a4f220) at /rhome/a/aburic1/workspace/ASP/PZ8/Z1/main.cpp:61
#22 0x0000000000401c5d in BinStabloMapa<int, int>::Trazi (this=0xfff0008e0, kljuc=@0xfff000940: -993808, cvor=@0x5a4f178: 0x5a4f1c0) at /rhome/a/aburic1/workspace/ASP/PZ8/Z1/main.cpp:61
#23 0x0000000000401c5d in BinStabloMapa<int, int>::Trazi (this=0xfff0008e0, kljuc=@0xfff000940: -993808, cvor=@0x5a4f118: 0x5a4f160) at /rhome/a/aburic1/workspace/ASP/PZ8/Z1/main.cpp:61
#24 0x0000000000401c5d in BinStabloMapa<int, int>::Trazi (this=0xfff0008e0, kljuc=@0xfff000940: -993808, cvor=@0x5a4f0b8: 0x5a4f100) at /rhome/a/aburic1/workspace/ASP/PZ8/Z1/main.cpp:61
#25 0x0000000000401c5d in BinStabloMapa<int, int>::Trazi (this=0xfff0008e0, kljuc=@0xfff000940: -993808, cvor=@0x5a4f058: 0x5a4f0a0) at /rhome/a/aburic1/workspace/ASP/PZ8/Z1/main.cpp:61
#26 0x0000000000401c5d in BinStabloMapa<int, int>::Trazi (this=0xfff0008e0, kljuc=@0xfff000940: -993808, cvor=@0x5a4eff8: 0x5a4f040) at /rhome/a/aburic1/workspace/ASP/PZ8/Z1/main.cpp:61
#27 0x0000000000401c5d in BinStabloMapa<int, int>::Trazi (this=0xfff0008e0, kljuc=@0xfff000940: -993808, cvor=@0x5a4ef98: 0x5a4efe0) at /rhome/a/aburic1/workspace/ASP/PZ8/Z1/main.cpp:61
#28 0x0000000000401c5d in BinStabloMapa<int, int>::Trazi (this=0xfff0008e0, kljuc=@0xfff000940: -993808, cvor=@0x5a4ef38: 0x5a4ef80) at /rhome/a/aburic1/workspace/ASP/PZ8/Z1/main.cpp:61
#29 0x0000000000401c5d in BinStabloMapa<int, int>::Trazi (this=0xfff0008e0, kljuc=@0xfff000940: -993808, cvor=@0x5a4eed8: 0x5a4ef20) at /rhome/a/aburic1/workspace/ASP/PZ8/Z1/main.cpp:61
#30 0x0000000000401c5d in BinStabloMapa<int, int>::Trazi (this=0xfff0008e0, kljuc=@0xfff000940: -993808, cvor=@0x5a4ee78: 0x5a4eec0) at /rhome/a/aburic1/workspace/ASP/PZ8/Z1/main.cpp:61
#31 0x0000000000401c5d in BinStabloMapa<int, int>::Trazi (this=0xfff0008e0, kljuc=@0xfff000940: -993808, cvor=@0x5a4ee18: 0x5a4ee60) at /rhome/a/aburic1/workspace/ASP/PZ8/Z1/main.cpp:61
#32 0x0000000000401c5d in BinStabloMapa<int, int>::Trazi (this=0xfff0008e0, kljuc=@0xfff000940: -993808, cvor=@0x5a4edb8: 0x5a4ee00) at /rhome/a/aburic1/workspace/ASP/PZ8/Z1/main.cpp:61
#33 0x0000000000401c5d in BinStabloMapa<int, int>::Trazi (this=0xfff0008e0, kljuc=@0xfff000940: -993808, cvor=@0x5a4ed58: 0x5a4eda0) at /rhome/a/aburic1/workspace/ASP/PZ8/Z1/main.cpp:61
#34 0x0000000000401c5d in BinStabloMapa<int, int>::Trazi (this=0xfff0008e0, kljuc=@0xfff000940: -993808, cvor=@0x5a4ecf8: 0x5a4ed40) at /rhome/a/aburic1/workspace/ASP/PZ8/Z1/main.cpp:61
#35 0x0000000000401c5d in BinStabloMapa<int, int>::Trazi (this=0xfff0008e0, kljuc=@0xfff000940: -993808, cvor=@0x5a4ec98: 0x5a4ece0) at /rhome/a/aburic1/workspace/ASP/PZ8/Z1/main.cpp:61
#36 0x0000000000401c5d in BinStabloMapa<int, int>::Trazi (this=0xfff0008e0, kljuc=@0xfff000940: -993808, cvor=@0x5a4ec38: 0x5a4ec80) at /rhome/a/aburic1/workspace/ASP/PZ8/Z1/main.cpp:61
#37 0x0000000000401c5d in BinStabloMapa<int, int>::Trazi (this=0xfff0008e0, kljuc=@0xfff000940: -993808, cvor=@0x5a4ebd8: 0x5a4ec20) at /rhome/a/aburic1/workspace/ASP/PZ8/Z1/main.cpp:61
#38 0x0000000000401c5d in BinStabloMapa<int, int>::Trazi (this=0xfff0008e0, kljuc=@0xfff000940: -993808, cvor=@0x5a4eb78: 0x5a4ebc0) at /rhome/a/aburic1/workspace/ASP/PZ8/Z1/main.cpp:61
#39 0x0000000000401c5d in BinStabloMapa<int, int>::Trazi (this=0xfff0008e0, kljuc=@0xfff000940: -993808, cvor=@0x5a4eb18: 0x5a4eb60) at /rhome/a/aburic1/workspace/ASP/PZ8/Z1/main.cpp:61
#40 0x0000000000401c5d in BinStabloMapa<int, int>::Trazi (this=0xfff0008e0, kljuc=@0xfff000940: -993808, cvor=@0x5a4eab8: 0x5a4eb00) at /rhome/a/aburic1/workspace/ASP/PZ8/Z1/main.cpp:61
#41 0x0000000000401c5d in BinStabloMapa<int, int>::Trazi (this=0xfff0008e0, kljuc=@0xfff000940: -993808, cvor=@0x5a4ea58: 0x5a4eaa0) at /rhome/a/aburic1/workspace/ASP/PZ8/Z1/main.cpp:61
#42 0x0000000000401c5d in BinStabloMapa<int, int>::Trazi (this=0xfff0008e0, kljuc=@0xfff000940: -993808, cvor=@0x5a4e9f8: 0x5a4ea40) at /rhome/a/aburic1/workspace/ASP/PZ8/Z1/main.cpp:61
#43 0x0000000000401c5d in BinStabloMapa<int, int>::Trazi (this=0xfff0008e0, kljuc=@0xfff000940: -993808, cvor=@0x5a4e998: 0x5a4e9e0) at /rhome/a/aburic1/workspace/ASP/PZ8/Z1/main.cpp:61
#44 0x0000000000401c5d in BinStabloMapa<int, int>::Trazi (this=0xfff0008e0, kljuc=@0xfff000940: -993808, cvor=@0x5a4e938: 0x5a4e980) at /rhome/a/aburic1/workspace/ASP/PZ8/Z1/main.cpp:61
#45 0x0000000000401c5d in BinStabloMapa<int, int>::Trazi (this=0xfff0008e0, kljuc=@0xfff000940: -993808, cvor=@0x5a4e8d8: 0x5a4e920) at /rhome/a/aburic1/workspace/ASP/PZ8/Z1/main.cpp:61
#46 0x0000000000401c5d in BinStabloMapa<int, int>::Trazi (this=0xfff0008e0, kljuc=@0xfff000940: -993808, cvor=@0x5a4e878: 0x5a4e8c0) at /rhome/a/aburic1/workspace/ASP/PZ8/Z1/main.cpp:61
#47 0x0000000000401c5d in BinStabloMapa<int, int>::Trazi (this=0xfff0008e0, kljuc=@0xfff000940: -993808, cvor=@0x5a4e818: 0x5a4e860) at /rhome/a/aburic1/workspace/ASP/PZ8/Z1/main.cpp:61
#48 0x0000000000401c5d in BinStabloMapa<int, int>::Trazi (this=0xfff0008e0, kljuc=@0xfff000940: -993808, cvor=@0x5a4e7b8: 0x5a4e800) at /rhome/a/aburic1/workspace/ASP/PZ8/Z1/main.cpp:61
#49 0x0000000000401c5d in BinStabloMapa<int, int>::Trazi (this=0xfff0008e0, kljuc=@0xfff000940: -993808, cvor=@0x5a4e758: 0x5a4e7a0) at /rhome/a/aburic1/workspace/ASP/PZ8/Z1/main.cpp:61
#50 0x0000000000401c5d in BinStabloMapa<int, int>::Trazi (this=0xfff0008e0, kljuc=@0xfff000940: -993808, cvor=@0x5a4e6f8: 0x5a4e740) at /rhome/a/aburic1/workspace/ASP/PZ8/Z1/main.cpp:61
#51 0x0000000000401c5d in BinStabloMapa<int, int>::Trazi (this=0xfff0008e0, kljuc=@0xfff000940: -993808, cvor=@0x5a4e698: 0x5a4e6e0) at /rhome/a/aburic1/workspace/ASP/PZ8/Z1/main.cpp:61
#52 0x0000000000401c5d in BinStabloMapa<int, int>::Trazi (this=0xfff0008e0, kljuc=@0xfff000940: -993808, cvor=@0x5a4e638: 0x5a4e680) at /rhome/a/aburic1/workspace/ASP/PZ8/Z1/main.cpp:61
#53 0x0000000000401c5d in BinStabloMapa<int, int>::Trazi (this=0xfff0008e0, kljuc=@0xfff000940: -993808, cvor=@0x5a4e5d8: 0x5a4e620) at /rhome/a/aburic1/workspace/ASP/PZ8/Z1/main.cpp:61
#54 0x0000000000401c5d in BinStabloMapa<int, int>::Trazi (this=0xfff0008e0, kljuc=@0xfff000940: -993808, cvor=@0x5a4e578: 0x5a4e5c0) at /rhome/a/aburic1/workspace/ASP/PZ8/Z1/main.cpp:61
#55 0x0000000000401c5d in BinStabloMapa<int, int>::Trazi (this=0xfff0008e0, kljuc=@0xfff000940: -993808, cvor=@0x5a4e518: 0x5a4e560) at /rhome/a/aburic1/workspace/ASP/PZ8/Z1/main.cpp:61
#56 0x0000000000401c5d in BinStabloMapa<int, int>::Trazi (this=0xfff0008e0, kljuc=@0xfff000940: -993808, cvor=@0x5a4e4b8: 0x5a4e500) at /rhome/a/aburic1/workspace/ASP/PZ8/Z1/main.cpp:61
#57 0x0000000000401c5d in BinStabloMapa<int, int>::Trazi (this=0xfff0008e0, kljuc=@0xfff000940: -993808, cvor=@0x5a4e458: 0x5a4e4a0) at /rhome/a/aburic1/workspace/ASP/PZ8/Z1/main.cpp:61
#58 0x0000000000401c5d in BinStabloMapa<int, int>::Trazi (this=0xfff0008e0, kljuc=@0xfff000940: -993808, cvor=@0x5a4e3f8: 0x5a4e440) at /rhome/a/aburic1/workspace/ASP/PZ8/Z1/main.cpp:61
#59 0x0000000000401c5d in BinStabloMapa<int, int>::Trazi (this=0xfff0008e0, kljuc=@0xfff000940: -993808, cvor=@0x5a4e398: 0x5a4e3e0) at /rhome/a/aburic1/workspace/ASP/PZ8/Z1/main.cpp:61
#60 0x0000000000401c5d in BinStabloMapa<int, int>::Trazi (this=0xfff0008e0, kljuc=@0xfff000940: -993808, cvor=@0x5a4e338: 0x5a4e380) at /rhome/a/aburic1/workspace/ASP/PZ8/Z1/main.cpp:61
#61 0x0000000000401c5d in BinStabloMapa<int, int>::Trazi (this=0xfff0008e0, kljuc=@0xfff000940: -993808, cvor=@0x5a4e2d8: 0x5a4e320) at /rhome/a/aburic1/workspace/ASP/PZ8/Z1/main.cpp:61
#62 0x0000000000401c5d in BinStabloMapa<int, int>::Trazi (this=0xfff0008e0, kljuc=@0xfff000940: -993808, cvor=@0x5a4e278: 0x5a4e2c0) at /rhome/a/aburic1/workspace/ASP/PZ8/Z1/main.cpp:61
#63 0x0000000000401c5d in BinStabloMapa<int, int>::Trazi (this=0xfff0008e0, kljuc=@0xfff000940: -993808, cvor=@0x5a4e218: 0x5a4e260) at /rhome/a/aburic1/workspace/ASP/PZ8/Z1/main.cpp:61
#64 0x0000000000401c5d in BinStabloMapa<int, int>::Trazi (this=0xfff0008e0, kljuc=@0xfff000940: -993808, cvor=@0x5a4e1b8: 0x5a4e200) at /rhome/a/aburic1/workspace/ASP/PZ8/Z1/main.cpp:61
#65 0x0000000000401c5d in BinStabloMapa<int, int>::Trazi (this=0xfff0008e0, kljuc=@0xfff000940: -993808, cvor=@0x5a4e158: 0x5a4e1a0) at /rhome/a/aburic1/workspace/ASP/PZ8/Z1/main.cpp:61
#66 0x0000000000401c5d in BinStabloMapa<int, int>::Trazi (this=0xfff0008e0, kljuc=@0xfff000940: -993808, cvor=@0x5a4e0f8: 0x5a4e140) at /rhome/a/aburic1/workspace/ASP/PZ8/Z1/main.cpp:61
#67 0x0000000000401c5d in BinStabloMapa<int, int>::Trazi (this=0xfff0008e0, kljuc=@0xfff000940: -993808, cvor=@0x5a4e098: 0x5a4e0e0) at /rhome/a/aburic1/workspace/ASP/PZ8/Z1/main.cpp:61
#68 0x0000000000401c5d in BinStabloMapa<int, int>::Trazi (this=0xfff0008e0, kljuc=@0xfff000940: -993808, cvor=@0x5a4e038: 0x5a4e080) at /rhome/a/aburic1/workspace/ASP/PZ8/Z1/main.cpp:61
#69 0x0000000000401c5d in BinStabloMapa<int, int>::Trazi (this=0xfff0008e0, kljuc=@0xfff000940: -993808, cvor=@0x5a4dfd8: 0x5a4e020) at /rhome/a/aburic1/workspace/ASP/PZ8/Z1/main.cpp:61
#70 0x0000000000401c5d in BinStabloMapa<int, int>::Trazi (this=0xfff0008e0, kljuc=@0xfff000940: -993808, cvor=@0x5a4df78: 0x5a4dfc0) at /rhome/a/aburic1/workspace/ASP/PZ8/Z1/main.cpp:61
#71 0x0000000000401c5d in BinStabloMapa<int, int>::Trazi (this=0xfff0008e0, kljuc=@0xfff000940: -993808, cvor=@0x5a4df18: 0x5a4df60) at /rhome/a/aburic1/workspace/ASP/PZ8/Z1/main.cpp:61
#72 0x0000000000401c5d in BinStabloMapa<int, int>::Trazi (this=0xfff0008e0, kljuc=@0xfff000940: -993808, cvor=@0x5a4deb8: 0x5a4df00) at /rhome/a/aburic1/workspace/ASP/PZ8/Z1/main.cpp:61
#73 0x0000000000401c5d in BinStabloMapa<int, int>::Trazi (this=0xfff0008e0, kljuc=@0xfff000940: -993808, cvor=@0x5a4de58: 0x5a4dea0) at /rhome/a/aburic1/workspace/ASP/PZ8/Z1/main.cpp:61
#74 0x0000000000401c5d in BinStabloMapa<int, int>::Trazi (this=0xfff0008e0, kljuc=@0xfff000940: -993808, cvor=@0x5a4ddf8: 0x5a4de40) at /rhome/a/aburic1/workspace/ASP/PZ8/Z1/main.cpp:61
#75 0x0000000000401c5d in BinStabloMapa<int, int>::Trazi (this=0xfff0008e0, kljuc=@0xfff000940: -993808, cvor=@0x5a4dd98: 0x5a4dde0) at /rhome/a/aburic1/workspace/ASP/PZ8/Z1/main.cpp:61
#76 0x0000000000401c5d in BinStabloMapa<int, int>::Trazi (this=0xfff0008e0, kljuc=@0xfff000940: -993808, cvor=@0x5a4dd38: 0x5a4dd80) at /rhome/a/aburic1/workspace/ASP/PZ8/Z1/main.cpp:61
#77 0x0000000000401c5d in BinStabloMapa<int, int>::Trazi (this=0xfff0008e0, kljuc=@0xfff000940: -993808, cvor=@0x5a4dcd8: 0x5a4dd20) at /rhome/a/aburic1/workspace/ASP/PZ8/Z1/main.cpp:61
#78 0x0000000000401c5d in BinStabloMapa<int, int>::Trazi (this=0xfff0008e0, kljuc=@0xfff000940: -993808, cvor=@0x5a4dc78: 0x5a4dcc0) at /rhome/a/aburic1/workspace/ASP/PZ8/Z1/main.cpp:61
#79 0x0000000000401c5d in BinStabloMapa<int, int>::Trazi (this=0xfff0008e0, kljuc=@0xfff000940: -993808, cvor=@0x5a4dc18: 0x5a4dc60) at /rhome/a/aburic1/workspace/ASP/PZ8/Z1/main.cpp:61
#80 0x0000000000401c5d in BinStabloMapa<int, int>::Trazi (this=0xfff0008e0, kljuc=@0xfff000940: -993808, cvor=@0x5a4dbb8: 0x5a4dc00) at /rhome/a/aburic1/workspace/ASP/PZ8/Z1/main.cpp:61
#81 0x0000000000401c5d in BinStabloMapa<int, int>::Trazi (this=0xfff0008e0, kljuc=@0xfff000940: -993808, cvor=@0x5a4db58: 0x5a4dba0) at /rhome/a/aburic1/workspace/ASP/PZ8/Z1/main.cpp:61
#82 0x0000000000401c5d in BinStabloMapa<int, int>::Trazi (this=0xfff0008e0, kljuc=@0xfff000940: -993808, cvor=@0x5a4daf8: 0x5a4db40) at /rhome/a/aburic1/workspace/ASP/PZ8/Z1/main.cpp:61
#83 0x0000000000401c5d in BinStabloMapa<int, int>::Trazi (this=0xfff0008e0, kljuc=@0xfff000940: -993808, cvor=@0x5a4da98: 0x5a4dae0) at /rhome/a/aburic1/workspace/ASP/PZ8/Z1/main.cpp:61
#84 0x0000000000401c5d in BinStabloMapa<int, int>::Trazi (this=0xfff0008e0, kljuc=@0xfff000940: -993808, cvor=@0x5a4da38: 0x5a4da80) at /rhome/a/aburic1/workspace/ASP/PZ8/Z1/main.cpp:61
#85 0x0000000000401c5d in BinStabloMapa<int, int>::Trazi (this=0xfff0008e0, kljuc=@0xfff000940: -993808, cvor=@0x5a4d9d8: 0x5a4da20) at /rhome/a/aburic1/workspace/ASP/PZ8/Z1/main.cpp:61
#86 0x0000000000401c5d in BinStabloMapa<int, int>::Trazi (this=0xfff0008e0, kljuc=@0xfff000940: -993808, cvor=@0x5a4d978: 0x5a4d9c0) at /rhome/a/aburic1/workspace/ASP/PZ8/Z1/main.cpp:61
#87 0x0000000000401c5d in BinStabloMapa<int, int>::Trazi (this=0xfff0008e0, kljuc=@0xfff000940: -993808, cvor=@0x5a4d918: 0x5a4d960) at /rhome/a/aburic1/workspace/ASP/PZ8/Z1/main.cpp:61
#88 0x0000000000401c5d in BinStabloMapa<int, int>::Trazi (this=0xfff0008e0, kljuc=@0xfff000940: -993808, cvor=@0x5a4d8b8: 0x5a4d900) at /rhome/a/aburic1/workspace/ASP/PZ8/Z1/main.cpp:61
#89 0x0000000000401c5d in BinStabloMapa<int, int>::Trazi (this=0xfff0008e0, kljuc=@0xfff000940: -993808, cvor=@0x5a4d858: 0x5a4d8a0) at /rhome/a/aburic1/workspace/ASP/PZ8/Z1/main.cpp:61
#90 0x0000000000401c5d in BinStabloMapa<int, int>::Trazi (this=0xfff0008e0, kljuc=@0xfff000940: -993808, cvor=@0x5a4d7f8: 0x5a4d840) at /rhome/a/aburic1/workspace/ASP/PZ8/Z1/main.cpp:61
#91 0x0000000000401c5d in BinStabloMapa<int, int>::Trazi (this=0xfff0008e0, kljuc=@0xfff000940: -993808, cvor=@0x5a4d798: 0x5a4d7e0) at /rhome/a/aburic1/workspace/ASP/PZ8/Z1/main.cpp:61
#92 0x0000000000401c5d in BinStabloMapa<int, int>::Trazi (this=0xfff0008e0, kljuc=@0xfff000940: -993808, cvor=@0x5a4d738: 0x5a4d780) at /rhome/a/aburic1/workspace/ASP/PZ8/Z1/main.cpp:61
#93 0x0000000000401c5d in BinStabloMapa<int, int>::Trazi (this=0xfff0008e0, kljuc=@0xfff000940: -993808, cvor=@0x5a4d6d8: 0x5a4d720) at /rhome/a/aburic1/workspace/ASP/PZ8/Z1/main.cpp:61
#94 0x0000000000401c5d in BinStabloMapa<int, int>::Trazi (this=0xfff0008e0, kljuc=@0xfff000940: -993808, cvor=@0x5a4d678: 0x5a4d6c0) at /rhome/a/aburic1/workspace/ASP/PZ8/Z1/main.cpp:61
#95 0x0000000000401c5d in BinStabloMapa<int, int>::Trazi (this=0xfff0008e0, kljuc=@0xfff000940: -993808, cvor=@0x5a4d618: 0x5a4d660) at /rhome/a/aburic1/workspace/ASP/PZ8/Z1/main.cpp:61
#96 0x0000000000401c5d in BinStabloMapa<int, int>::Trazi (this=0xfff0008e0, kljuc=@0xfff000940: -993808, cvor=@0x5a4d5b8: 0x5a4d600) at /rhome/a/aburic1/workspace/ASP/PZ8/Z1/main.cpp:61
#97 0x0000000000401c5d in BinStabloMapa<int, int>::Trazi (this=0xfff0008e0, kljuc=@0xfff000940: -993808, cvor=@0x5a4d558: 0x5a4d5a0) at /rhome/a/aburic1/workspace/ASP/PZ8/Z1/main.cpp:61
#98 0x0000000000401c5d in BinStabloMapa<int, int>::Trazi (this=0xfff0008e0, kljuc=@0xfff000940: -993808, cvor=@0x5a4d4f8: 0x5a4d540) at /rhome/a/aburic1/workspace/ASP/PZ8/Z1/main.cpp:61
#99 0x0000000000401c5d in BinStabloMapa<int, int>::Trazi (this=0xfff0008e0, kljuc=@0xfff000940: -993808, cvor=@0x5a4d498: 0x5a4d4e0) at /rhome/a/aburic1/workspace/ASP/PZ8/Z1/main.cpp:61
