==21299== Memcheck, a memory error detector
==21299== Copyright (C) 2002-2013, and GNU GPL'd, by Julian Seward et al.
==21299== Using Valgrind-3.10.1 and LibVEX; rerun with -h for copyright info
==21299== Command: /rhome/a/aburic1/workspace/ASP/PZ8/Z1/.runme
==21299== Parent PID: 21283
==21299== 
==21299== 
==21299== Process terminating with default action of signal 24 (SIGXCPU): dumping core
==21299==    at 0x401C10: BinStabloMapa<int, int>::Trazi(int const&, Cvor<int, int>*&) const (main.cpp:58)
==21299==    by 0x401C5C: BinStabloMapa<int, int>::Trazi(int const&, Cvor<int, int>*&) const (main.cpp:61)
==21299==    by 0x401C5C: BinStabloMapa<int, int>::Trazi(int const&, Cvor<int, int>*&) const (main.cpp:61)
==21299==    by 0x401C5C: BinStabloMapa<int, int>::Trazi(int const&, Cvor<int, int>*&) const (main.cpp:61)
==21299==    by 0x401C5C: BinStabloMapa<int, int>::Trazi(int const&, Cvor<int, int>*&) const (main.cpp:61)
==21299==    by 0x401C5C: BinStabloMapa<int, int>::Trazi(int const&, Cvor<int, int>*&) const (main.cpp:61)
==21299==    by 0x401C5C: BinStabloMapa<int, int>::Trazi(int const&, Cvor<int, int>*&) const (main.cpp:61)
==21299==    by 0x401C5C: BinStabloMapa<int, int>::Trazi(int const&, Cvor<int, int>*&) const (main.cpp:61)
==21299==    by 0x401C5C: BinStabloMapa<int, int>::Trazi(int const&, Cvor<int, int>*&) const (main.cpp:61)
==21299==    by 0x401C5C: BinStabloMapa<int, int>::Trazi(int const&, Cvor<int, int>*&) const (main.cpp:61)
==21299==    by 0x401C5C: BinStabloMapa<int, int>::Trazi(int const&, Cvor<int, int>*&) const (main.cpp:61)
==21299==    by 0x401C5C: BinStabloMapa<int, int>::Trazi(int const&, Cvor<int, int>*&) const (main.cpp:61)
==21299== 
==21299== HEAP SUMMARY:
==21299==     in use at exit: 198,144 bytes in 6,192 blocks
==21299==   total heap usage: 6,192 allocs, 0 frees, 198,144 bytes allocated
==21299== 
==21299== LEAK SUMMARY:
==21299==    definitely lost: 0 bytes in 0 blocks
==21299==    indirectly lost: 0 bytes in 0 blocks
==21299==      possibly lost: 0 bytes in 0 blocks
==21299==    still reachable: 198,144 bytes in 6,192 blocks
==21299==         suppressed: 0 bytes in 0 blocks
==21299== Reachable blocks (those to which a pointer was found) are not shown.
==21299== To see them, rerun with: --leak-check=full --show-leak-kinds=all
==21299== 
==21299== For counts of detected and suppressed errors, rerun with: -v
==21299== ERROR SUMMARY: 0 errors from 0 contexts (suppressed: 0 from 0)
