==28991== Memcheck, a memory error detector
==28991== Copyright (C) 2002-2013, and GNU GPL'd, by Julian Seward et al.
==28991== Using Valgrind-3.10.1 and LibVEX; rerun with -h for copyright info
==28991== Command: /rhome/a/aburic1/workspace/ASP/T4/Z1/.runme
==28991== Parent PID: 28976
==28991== 
==28991== 
==28991== HEAP SUMMARY:
==28991==     in use at exit: 4 bytes in 1 blocks
==28991==   total heap usage: 14 allocs, 13 frees, 316 bytes allocated
==28991== 
==28991== 4 bytes in 1 blocks are definitely lost in loss record 1 of 1
==28991==    at 0x4C2B0E0: operator new(unsigned long) (in /usr/lib/valgrind/vgpreload_memcheck-amd64-linux.so)
==28991==    by 0x400F48: void funkcija<int>(Red<int>&) (main.cpp:49)
==28991==    by 0x400D8F: main (main.cpp:71)
==28991== 
==28991== LEAK SUMMARY:
==28991==    definitely lost: 4 bytes in 1 blocks
==28991==    indirectly lost: 0 bytes in 0 blocks
==28991==      possibly lost: 0 bytes in 0 blocks
==28991==    still reachable: 0 bytes in 0 blocks
==28991==         suppressed: 0 bytes in 0 blocks
==28991== 
==28991== For counts of detected and suppressed errors, rerun with: -v
==28991== ERROR SUMMARY: 1 errors from 1 contexts (suppressed: 0 from 0)
