[New LWP 15218]
Core was generated by `'.
Program terminated with signal SIGSEGV, Segmentation fault.
#0  0x0000000000401cb4 in GranaIterator<bool>::operator!= (this=<error reading variable: Cannot access memory at address 0xffe801ff8>, iter=<error reading variable: Cannot access memory at address 0xffe801ff0>) at /rhome/a/aburic1/workspace/ASP/PZ10/Z1/main.cpp:94
94	    bool operator!=(const GranaIterator &iter) const { return *this != iter; }
#0  0x0000000000401cb4 in GranaIterator<bool>::operator!= (this=<error reading variable: Cannot access memory at address 0xffe801ff8>, iter=<error reading variable: Cannot access memory at address 0xffe801ff0>) at /rhome/a/aburic1/workspace/ASP/PZ10/Z1/main.cpp:94
#1  0x0000000000401ccf in GranaIterator<bool>::operator!= (this=0xfff0008f0, iter=...) at /rhome/a/aburic1/workspace/ASP/PZ10/Z1/main.cpp:94
#2  0x0000000000401ccf in GranaIterator<bool>::operator!= (this=0xfff0008f0, iter=...) at /rhome/a/aburic1/workspace/ASP/PZ10/Z1/main.cpp:94
#3  0x0000000000401ccf in GranaIterator<bool>::operator!= (this=0xfff0008f0, iter=...) at /rhome/a/aburic1/workspace/ASP/PZ10/Z1/main.cpp:94
#4  0x0000000000401ccf in GranaIterator<bool>::operator!= (this=0xfff0008f0, iter=...) at /rhome/a/aburic1/workspace/ASP/PZ10/Z1/main.cpp:94
#5  0x0000000000401ccf in GranaIterator<bool>::operator!= (this=0xfff0008f0, iter=...) at /rhome/a/aburic1/workspace/ASP/PZ10/Z1/main.cpp:94
#6  0x0000000000401ccf in GranaIterator<bool>::operator!= (this=0xfff0008f0, iter=...) at /rhome/a/aburic1/workspace/ASP/PZ10/Z1/main.cpp:94
#7  0x0000000000401ccf in GranaIterator<bool>::operator!= (this=0xfff0008f0, iter=...) at /rhome/a/aburic1/workspace/ASP/PZ10/Z1/main.cpp:94
#8  0x0000000000401ccf in GranaIterator<bool>::operator!= (this=0xfff0008f0, iter=...) at /rhome/a/aburic1/workspace/ASP/PZ10/Z1/main.cpp:94
#9  0x0000000000401ccf in GranaIterator<bool>::operator!= (this=0xfff0008f0, iter=...) at /rhome/a/aburic1/workspace/ASP/PZ10/Z1/main.cpp:94
#10 0x0000000000401ccf in GranaIterator<bool>::operator!= (this=0xfff0008f0, iter=...) at /rhome/a/aburic1/workspace/ASP/PZ10/Z1/main.cpp:94
#11 0x0000000000401ccf in GranaIterator<bool>::operator!= (this=0xfff0008f0, iter=...) at /rhome/a/aburic1/workspace/ASP/PZ10/Z1/main.cpp:94
#12 0x0000000000401ccf in GranaIterator<bool>::operator!= (this=0xfff0008f0, iter=...) at /rhome/a/aburic1/workspace/ASP/PZ10/Z1/main.cpp:94
#13 0x0000000000401ccf in GranaIterator<bool>::operator!= (this=0xfff0008f0, iter=...) at /rhome/a/aburic1/workspace/ASP/PZ10/Z1/main.cpp:94
#14 0x0000000000401ccf in GranaIterator<bool>::operator!= (this=0xfff0008f0, iter=...) at /rhome/a/aburic1/workspace/ASP/PZ10/Z1/main.cpp:94
#15 0x0000000000401ccf in GranaIterator<bool>::operator!= (this=0xfff0008f0, iter=...) at /rhome/a/aburic1/workspace/ASP/PZ10/Z1/main.cpp:94
#16 0x0000000000401ccf in GranaIterator<bool>::operator!= (this=0xfff0008f0, iter=...) at /rhome/a/aburic1/workspace/ASP/PZ10/Z1/main.cpp:94
#17 0x0000000000401ccf in GranaIterator<bool>::operator!= (this=0xfff0008f0, iter=...) at /rhome/a/aburic1/workspace/ASP/PZ10/Z1/main.cpp:94
#18 0x0000000000401ccf in GranaIterator<bool>::operator!= (this=0xfff0008f0, iter=...) at /rhome/a/aburic1/workspace/ASP/PZ10/Z1/main.cpp:94
#19 0x0000000000401ccf in GranaIterator<bool>::operator!= (this=0xfff0008f0, iter=...) at /rhome/a/aburic1/workspace/ASP/PZ10/Z1/main.cpp:94
#20 0x0000000000401ccf in GranaIterator<bool>::operator!= (this=0xfff0008f0, iter=...) at /rhome/a/aburic1/workspace/ASP/PZ10/Z1/main.cpp:94
#21 0x0000000000401ccf in GranaIterator<bool>::operator!= (this=0xfff0008f0, iter=...) at /rhome/a/aburic1/workspace/ASP/PZ10/Z1/main.cpp:94
#22 0x0000000000401ccf in GranaIterator<bool>::operator!= (this=0xfff0008f0, iter=...) at /rhome/a/aburic1/workspace/ASP/PZ10/Z1/main.cpp:94
#23 0x0000000000401ccf in GranaIterator<bool>::operator!= (this=0xfff0008f0, iter=...) at /rhome/a/aburic1/workspace/ASP/PZ10/Z1/main.cpp:94
#24 0x0000000000401ccf in GranaIterator<bool>::operator!= (this=0xfff0008f0, iter=...) at /rhome/a/aburic1/workspace/ASP/PZ10/Z1/main.cpp:94
#25 0x0000000000401ccf in GranaIterator<bool>::operator!= (this=0xfff0008f0, iter=...) at /rhome/a/aburic1/workspace/ASP/PZ10/Z1/main.cpp:94
#26 0x0000000000401ccf in GranaIterator<bool>::operator!= (this=0xfff0008f0, iter=...) at /rhome/a/aburic1/workspace/ASP/PZ10/Z1/main.cpp:94
#27 0x0000000000401ccf in GranaIterator<bool>::operator!= (this=0xfff0008f0, iter=...) at /rhome/a/aburic1/workspace/ASP/PZ10/Z1/main.cpp:94
#28 0x0000000000401ccf in GranaIterator<bool>::operator!= (this=0xfff0008f0, iter=...) at /rhome/a/aburic1/workspace/ASP/PZ10/Z1/main.cpp:94
#29 0x0000000000401ccf in GranaIterator<bool>::operator!= (this=0xfff0008f0, iter=...) at /rhome/a/aburic1/workspace/ASP/PZ10/Z1/main.cpp:94
#30 0x0000000000401ccf in GranaIterator<bool>::operator!= (this=0xfff0008f0, iter=...) at /rhome/a/aburic1/workspace/ASP/PZ10/Z1/main.cpp:94
#31 0x0000000000401ccf in GranaIterator<bool>::operator!= (this=0xfff0008f0, iter=...) at /rhome/a/aburic1/workspace/ASP/PZ10/Z1/main.cpp:94
#32 0x0000000000401ccf in GranaIterator<bool>::operator!= (this=0xfff0008f0, iter=...) at /rhome/a/aburic1/workspace/ASP/PZ10/Z1/main.cpp:94
#33 0x0000000000401ccf in GranaIterator<bool>::operator!= (this=0xfff0008f0, iter=...) at /rhome/a/aburic1/workspace/ASP/PZ10/Z1/main.cpp:94
#34 0x0000000000401ccf in GranaIterator<bool>::operator!= (this=0xfff0008f0, iter=...) at /rhome/a/aburic1/workspace/ASP/PZ10/Z1/main.cpp:94
#35 0x0000000000401ccf in GranaIterator<bool>::operator!= (this=0xfff0008f0, iter=...) at /rhome/a/aburic1/workspace/ASP/PZ10/Z1/main.cpp:94
#36 0x0000000000401ccf in GranaIterator<bool>::operator!= (this=0xfff0008f0, iter=...) at /rhome/a/aburic1/workspace/ASP/PZ10/Z1/main.cpp:94
#37 0x0000000000401ccf in GranaIterator<bool>::operator!= (this=0xfff0008f0, iter=...) at /rhome/a/aburic1/workspace/ASP/PZ10/Z1/main.cpp:94
#38 0x0000000000401ccf in GranaIterator<bool>::operator!= (this=0xfff0008f0, iter=...) at /rhome/a/aburic1/workspace/ASP/PZ10/Z1/main.cpp:94
#39 0x0000000000401ccf in GranaIterator<bool>::operator!= (this=0xfff0008f0, iter=...) at /rhome/a/aburic1/workspace/ASP/PZ10/Z1/main.cpp:94
#40 0x0000000000401ccf in GranaIterator<bool>::operator!= (this=0xfff0008f0, iter=...) at /rhome/a/aburic1/workspace/ASP/PZ10/Z1/main.cpp:94
#41 0x0000000000401ccf in GranaIterator<bool>::operator!= (this=0xfff0008f0, iter=...) at /rhome/a/aburic1/workspace/ASP/PZ10/Z1/main.cpp:94
#42 0x0000000000401ccf in GranaIterator<bool>::operator!= (this=0xfff0008f0, iter=...) at /rhome/a/aburic1/workspace/ASP/PZ10/Z1/main.cpp:94
#43 0x0000000000401ccf in GranaIterator<bool>::operator!= (this=0xfff0008f0, iter=...) at /rhome/a/aburic1/workspace/ASP/PZ10/Z1/main.cpp:94
#44 0x0000000000401ccf in GranaIterator<bool>::operator!= (this=0xfff0008f0, iter=...) at /rhome/a/aburic1/workspace/ASP/PZ10/Z1/main.cpp:94
#45 0x0000000000401ccf in GranaIterator<bool>::operator!= (this=0xfff0008f0, iter=...) at /rhome/a/aburic1/workspace/ASP/PZ10/Z1/main.cpp:94
#46 0x0000000000401ccf in GranaIterator<bool>::operator!= (this=0xfff0008f0, iter=...) at /rhome/a/aburic1/workspace/ASP/PZ10/Z1/main.cpp:94
#47 0x0000000000401ccf in GranaIterator<bool>::operator!= (this=0xfff0008f0, iter=...) at /rhome/a/aburic1/workspace/ASP/PZ10/Z1/main.cpp:94
#48 0x0000000000401ccf in GranaIterator<bool>::operator!= (this=0xfff0008f0, iter=...) at /rhome/a/aburic1/workspace/ASP/PZ10/Z1/main.cpp:94
#49 0x0000000000401ccf in GranaIterator<bool>::operator!= (this=0xfff0008f0, iter=...) at /rhome/a/aburic1/workspace/ASP/PZ10/Z1/main.cpp:94
#50 0x0000000000401ccf in GranaIterator<bool>::operator!= (this=0xfff0008f0, iter=...) at /rhome/a/aburic1/workspace/ASP/PZ10/Z1/main.cpp:94
#51 0x0000000000401ccf in GranaIterator<bool>::operator!= (this=0xfff0008f0, iter=...) at /rhome/a/aburic1/workspace/ASP/PZ10/Z1/main.cpp:94
#52 0x0000000000401ccf in GranaIterator<bool>::operator!= (this=0xfff0008f0, iter=...) at /rhome/a/aburic1/workspace/ASP/PZ10/Z1/main.cpp:94
#53 0x0000000000401ccf in GranaIterator<bool>::operator!= (this=0xfff0008f0, iter=...) at /rhome/a/aburic1/workspace/ASP/PZ10/Z1/main.cpp:94
#54 0x0000000000401ccf in GranaIterator<bool>::operator!= (this=0xfff0008f0, iter=...) at /rhome/a/aburic1/workspace/ASP/PZ10/Z1/main.cpp:94
#55 0x0000000000401ccf in GranaIterator<bool>::operator!= (this=0xfff0008f0, iter=...) at /rhome/a/aburic1/workspace/ASP/PZ10/Z1/main.cpp:94
#56 0x0000000000401ccf in GranaIterator<bool>::operator!= (this=0xfff0008f0, iter=...) at /rhome/a/aburic1/workspace/ASP/PZ10/Z1/main.cpp:94
#57 0x0000000000401ccf in GranaIterator<bool>::operator!= (this=0xfff0008f0, iter=...) at /rhome/a/aburic1/workspace/ASP/PZ10/Z1/main.cpp:94
#58 0x0000000000401ccf in GranaIterator<bool>::operator!= (this=0xfff0008f0, iter=...) at /rhome/a/aburic1/workspace/ASP/PZ10/Z1/main.cpp:94
#59 0x0000000000401ccf in GranaIterator<bool>::operator!= (this=0xfff0008f0, iter=...) at /rhome/a/aburic1/workspace/ASP/PZ10/Z1/main.cpp:94
#60 0x0000000000401ccf in GranaIterator<bool>::operator!= (this=0xfff0008f0, iter=...) at /rhome/a/aburic1/workspace/ASP/PZ10/Z1/main.cpp:94
#61 0x0000000000401ccf in GranaIterator<bool>::operator!= (this=0xfff0008f0, iter=...) at /rhome/a/aburic1/workspace/ASP/PZ10/Z1/main.cpp:94
#62 0x0000000000401ccf in GranaIterator<bool>::operator!= (this=0xfff0008f0, iter=...) at /rhome/a/aburic1/workspace/ASP/PZ10/Z1/main.cpp:94
#63 0x0000000000401ccf in GranaIterator<bool>::operator!= (this=0xfff0008f0, iter=...) at /rhome/a/aburic1/workspace/ASP/PZ10/Z1/main.cpp:94
#64 0x0000000000401ccf in GranaIterator<bool>::operator!= (this=0xfff0008f0, iter=...) at /rhome/a/aburic1/workspace/ASP/PZ10/Z1/main.cpp:94
#65 0x0000000000401ccf in GranaIterator<bool>::operator!= (this=0xfff0008f0, iter=...) at /rhome/a/aburic1/workspace/ASP/PZ10/Z1/main.cpp:94
#66 0x0000000000401ccf in GranaIterator<bool>::operator!= (this=0xfff0008f0, iter=...) at /rhome/a/aburic1/workspace/ASP/PZ10/Z1/main.cpp:94
#67 0x0000000000401ccf in GranaIterator<bool>::operator!= (this=0xfff0008f0, iter=...) at /rhome/a/aburic1/workspace/ASP/PZ10/Z1/main.cpp:94
#68 0x0000000000401ccf in GranaIterator<bool>::operator!= (this=0xfff0008f0, iter=...) at /rhome/a/aburic1/workspace/ASP/PZ10/Z1/main.cpp:94
#69 0x0000000000401ccf in GranaIterator<bool>::operator!= (this=0xfff0008f0, iter=...) at /rhome/a/aburic1/workspace/ASP/PZ10/Z1/main.cpp:94
#70 0x0000000000401ccf in GranaIterator<bool>::operator!= (this=0xfff0008f0, iter=...) at /rhome/a/aburic1/workspace/ASP/PZ10/Z1/main.cpp:94
#71 0x0000000000401ccf in GranaIterator<bool>::operator!= (this=0xfff0008f0, iter=...) at /rhome/a/aburic1/workspace/ASP/PZ10/Z1/main.cpp:94
#72 0x0000000000401ccf in GranaIterator<bool>::operator!= (this=0xfff0008f0, iter=...) at /rhome/a/aburic1/workspace/ASP/PZ10/Z1/main.cpp:94
#73 0x0000000000401ccf in GranaIterator<bool>::operator!= (this=0xfff0008f0, iter=...) at /rhome/a/aburic1/workspace/ASP/PZ10/Z1/main.cpp:94
#74 0x0000000000401ccf in GranaIterator<bool>::operator!= (this=0xfff0008f0, iter=...) at /rhome/a/aburic1/workspace/ASP/PZ10/Z1/main.cpp:94
#75 0x0000000000401ccf in GranaIterator<bool>::operator!= (this=0xfff0008f0, iter=...) at /rhome/a/aburic1/workspace/ASP/PZ10/Z1/main.cpp:94
#76 0x0000000000401ccf in GranaIterator<bool>::operator!= (this=0xfff0008f0, iter=...) at /rhome/a/aburic1/workspace/ASP/PZ10/Z1/main.cpp:94
#77 0x0000000000401ccf in GranaIterator<bool>::operator!= (this=0xfff0008f0, iter=...) at /rhome/a/aburic1/workspace/ASP/PZ10/Z1/main.cpp:94
#78 0x0000000000401ccf in GranaIterator<bool>::operator!= (this=0xfff0008f0, iter=...) at /rhome/a/aburic1/workspace/ASP/PZ10/Z1/main.cpp:94
#79 0x0000000000401ccf in GranaIterator<bool>::operator!= (this=0xfff0008f0, iter=...) at /rhome/a/aburic1/workspace/ASP/PZ10/Z1/main.cpp:94
#80 0x0000000000401ccf in GranaIterator<bool>::operator!= (this=0xfff0008f0, iter=...) at /rhome/a/aburic1/workspace/ASP/PZ10/Z1/main.cpp:94
#81 0x0000000000401ccf in GranaIterator<bool>::operator!= (this=0xfff0008f0, iter=...) at /rhome/a/aburic1/workspace/ASP/PZ10/Z1/main.cpp:94
#82 0x0000000000401ccf in GranaIterator<bool>::operator!= (this=0xfff0008f0, iter=...) at /rhome/a/aburic1/workspace/ASP/PZ10/Z1/main.cpp:94
#83 0x0000000000401ccf in GranaIterator<bool>::operator!= (this=0xfff0008f0, iter=...) at /rhome/a/aburic1/workspace/ASP/PZ10/Z1/main.cpp:94
#84 0x0000000000401ccf in GranaIterator<bool>::operator!= (this=0xfff0008f0, iter=...) at /rhome/a/aburic1/workspace/ASP/PZ10/Z1/main.cpp:94
#85 0x0000000000401ccf in GranaIterator<bool>::operator!= (this=0xfff0008f0, iter=...) at /rhome/a/aburic1/workspace/ASP/PZ10/Z1/main.cpp:94
#86 0x0000000000401ccf in GranaIterator<bool>::operator!= (this=0xfff0008f0, iter=...) at /rhome/a/aburic1/workspace/ASP/PZ10/Z1/main.cpp:94
#87 0x0000000000401ccf in GranaIterator<bool>::operator!= (this=0xfff0008f0, iter=...) at /rhome/a/aburic1/workspace/ASP/PZ10/Z1/main.cpp:94
#88 0x0000000000401ccf in GranaIterator<bool>::operator!= (this=0xfff0008f0, iter=...) at /rhome/a/aburic1/workspace/ASP/PZ10/Z1/main.cpp:94
#89 0x0000000000401ccf in GranaIterator<bool>::operator!= (this=0xfff0008f0, iter=...) at /rhome/a/aburic1/workspace/ASP/PZ10/Z1/main.cpp:94
#90 0x0000000000401ccf in GranaIterator<bool>::operator!= (this=0xfff0008f0, iter=...) at /rhome/a/aburic1/workspace/ASP/PZ10/Z1/main.cpp:94
#91 0x0000000000401ccf in GranaIterator<bool>::operator!= (this=0xfff0008f0, iter=...) at /rhome/a/aburic1/workspace/ASP/PZ10/Z1/main.cpp:94
#92 0x0000000000401ccf in GranaIterator<bool>::operator!= (this=0xfff0008f0, iter=...) at /rhome/a/aburic1/workspace/ASP/PZ10/Z1/main.cpp:94
#93 0x0000000000401ccf in GranaIterator<bool>::operator!= (this=0xfff0008f0, iter=...) at /rhome/a/aburic1/workspace/ASP/PZ10/Z1/main.cpp:94
#94 0x0000000000401ccf in GranaIterator<bool>::operator!= (this=0xfff0008f0, iter=...) at /rhome/a/aburic1/workspace/ASP/PZ10/Z1/main.cpp:94
#95 0x0000000000401ccf in GranaIterator<bool>::operator!= (this=0xfff0008f0, iter=...) at /rhome/a/aburic1/workspace/ASP/PZ10/Z1/main.cpp:94
#96 0x0000000000401ccf in GranaIterator<bool>::operator!= (this=0xfff0008f0, iter=...) at /rhome/a/aburic1/workspace/ASP/PZ10/Z1/main.cpp:94
#97 0x0000000000401ccf in GranaIterator<bool>::operator!= (this=0xfff0008f0, iter=...) at /rhome/a/aburic1/workspace/ASP/PZ10/Z1/main.cpp:94
#98 0x0000000000401ccf in GranaIterator<bool>::operator!= (this=0xfff0008f0, iter=...) at /rhome/a/aburic1/workspace/ASP/PZ10/Z1/main.cpp:94
#99 0x0000000000401ccf in GranaIterator<bool>::operator!= (this=0xfff0008f0, iter=...) at /rhome/a/aburic1/workspace/ASP/PZ10/Z1/main.cpp:94
